2025-08-19 16:33:35,243	---	Command:
	main.py --sign ecdsa mldsa --levels 3 5 --runs 2 --warm-up 3 --runs-simulator 4

2025-08-19 16:33:35,243	---	Settings:
2025-08-19 16:33:35,243	---		input_file     : None
2025-08-19 16:33:35,243	---		levels         : [3, 5]
2025-08-19 16:33:35,243	---		list_sign      : False
2025-08-19 16:33:35,243	---		model          : [2]
2025-08-19 16:33:35,243	---		runs           : 2
2025-08-19 16:33:35,243	---		runs_simulator : 4
2025-08-19 16:33:35,243	---		sign           : ['ecdsa', 'mldsa']
2025-08-19 16:33:35,243	---		verbosity      : 20
2025-08-19 16:33:35,244	---		warm_up        : 3
2025-08-19 16:33:35,244	---	
2025-08-19 16:33:35,244	---	[34m
2025-08-19 16:33:35,244	---	+-----------------+
2025-08-19 16:33:35,244	---	  BENCHMARK       
2025-08-19 16:33:35,244	---	+-----------------+
2025-08-19 16:33:35,244	---	
2025-08-19 16:33:35,244	---		Algorithm: ecdsa
2025-08-19 16:33:35,244	---			Running algorithm:ecdsa	level:3	variant:P-384  (using cryptography.py)...
2025-08-19 16:33:35,308	---			Running algorithm:ecdsa	level:5	variant:P-521  (using cryptography.py)...
2025-08-19 16:33:35,372	---	
2025-08-19 16:33:35,372	---		Algorithm: mldsa
2025-08-19 16:33:35,373	---			Running algorithm:mldsa	level:3	variant:ML-DSA-65  (using liboqs.py)...
2025-08-19 16:33:35,387	---			Running algorithm:mldsa	level:5	variant:ML-DSA-87  (using liboqs.py)...
2025-08-19 16:33:35,414	---	
Files generated by benchmarking:
2025-08-19 16:33:35,436	---			results/2025-08-19_16-33-35_ecdsa_mldsa_levels-3-5/algorithm-runs/time-evaluation-2x.csv
2025-08-19 16:33:35,437	---			results/2025-08-19_16-33-35_ecdsa_mldsa_levels-3-5/algorithm-runs/time-evaluation-mean-std.csv
2025-08-19 16:33:35,627	---	
2025-08-19 16:33:35,627	---	Generating benchmark plots:
2025-08-19 16:33:35,627	---	
2025-08-19 16:33:37,026	---		results/2025-08-19_16-33-35_ecdsa_mldsa_levels-3-5/algorithm-runs/graph/level-3.pdf
2025-08-19 16:33:37,317	---		results/2025-08-19_16-33-35_ecdsa_mldsa_levels-3-5/algorithm-runs/graph/level-3.png
2025-08-19 16:33:37,685	---		results/2025-08-19_16-33-35_ecdsa_mldsa_levels-3-5/algorithm-runs/graph/level-5.pdf
2025-08-19 16:33:37,919	---		results/2025-08-19_16-33-35_ecdsa_mldsa_levels-3-5/algorithm-runs/graph/level-5.png
2025-08-19 16:33:37,919	---	
2025-08-19 16:33:37,919	---	[32m
2025-08-19 16:33:37,919	---	+-----------------+
2025-08-19 16:33:37,919	---	  SIMULATION      
2025-08-19 16:33:37,919	---	+-----------------+
2025-08-19 16:33:37,920	---	
2025-08-19 16:33:37,920	---	BlockSim run model 2 (Ethereum)...

2025-08-19 16:33:37,922	---		Running ML-DSA-65...
