2025-08-19 16:41:17,317	---	Command:
	main.py --sign ecdsa mldsa --levels 3 5 --runs 2 --warm-up 3 --runs-simulator 4

2025-08-19 16:41:17,317	---	Settings:
2025-08-19 16:41:17,318	---		input_file     : None
2025-08-19 16:41:17,318	---		levels         : [3, 5]
2025-08-19 16:41:17,318	---		list_sign      : False
2025-08-19 16:41:17,318	---		model          : [2]
2025-08-19 16:41:17,319	---		runs           : 2
2025-08-19 16:41:17,319	---		runs_simulator : 4
2025-08-19 16:41:17,319	---		sign           : ['ecdsa', 'mldsa']
2025-08-19 16:41:17,319	---		verbosity      : 20
2025-08-19 16:41:17,320	---		warm_up        : 3
2025-08-19 16:41:17,320	---	
2025-08-19 16:41:17,320	---	[34m
2025-08-19 16:41:17,320	---	+-----------------+
2025-08-19 16:41:17,320	---	  BENCHMARK       
2025-08-19 16:41:17,320	---	+-----------------+
2025-08-19 16:41:17,321	---	
2025-08-19 16:41:17,321	---		Algorithm: ecdsa
2025-08-19 16:41:17,322	---			Running algorithm:ecdsa	level:3	variant:P-384  (using cryptography.py)...
2025-08-19 16:41:17,394	---			Running algorithm:ecdsa	level:5	variant:P-521  (using cryptography.py)...
2025-08-19 16:41:17,442	---	
2025-08-19 16:41:17,442	---		Algorithm: mldsa
2025-08-19 16:41:17,443	---			Running algorithm:mldsa	level:3	variant:ML-DSA-65  (using liboqs.py)...
2025-08-19 16:41:17,462	---			Running algorithm:mldsa	level:5	variant:ML-DSA-87  (using liboqs.py)...
2025-08-19 16:41:17,491	---	
2025-08-19 16:41:17,491	---	Files generated by benchmarking:
2025-08-19 16:41:17,520	---			results/2025-08-19_16-41-17_ecdsa_mldsa_levels-3-5/algorithm-runs/time-evaluation-2x.csv
2025-08-19 16:41:17,521	---			results/2025-08-19_16-41-17_ecdsa_mldsa_levels-3-5/algorithm-runs/time-evaluation-mean-std.csv
2025-08-19 16:41:17,724	---	
2025-08-19 16:41:17,724	---	Metadata exported to:
2025-08-19 16:41:17,725	---			results/2025-08-19_16-41-17_ecdsa_mldsa_levels-3-5/input-and-system-info.json
2025-08-19 16:41:17,725	---	
2025-08-19 16:41:17,725	---	Generating benchmark plots:
2025-08-19 16:41:18,665	---		results/2025-08-19_16-41-17_ecdsa_mldsa_levels-3-5/algorithm-runs/graph/level-3.pdf
2025-08-19 16:41:18,921	---		results/2025-08-19_16-41-17_ecdsa_mldsa_levels-3-5/algorithm-runs/graph/level-3.png
2025-08-19 16:41:19,285	---		results/2025-08-19_16-41-17_ecdsa_mldsa_levels-3-5/algorithm-runs/graph/level-5.pdf
2025-08-19 16:41:19,498	---		results/2025-08-19_16-41-17_ecdsa_mldsa_levels-3-5/algorithm-runs/graph/level-5.png
2025-08-19 16:41:19,499	---	
2025-08-19 16:41:19,499	---	[32m
2025-08-19 16:41:19,499	---	+-----------------+
2025-08-19 16:41:19,499	---	  SIMULATION      
2025-08-19 16:41:19,499	---	+-----------------+
2025-08-19 16:41:19,499	---	
2025-08-19 16:41:19,499	---	BlockSim run model 2 (Ethereum)
2025-08-19 16:41:19,502	---		Running ML-DSA-65...
2025-08-19 16:42:37,219	---		Running ML-DSA-87...
2025-08-19 16:42:41,478	---		Running P-384...
2025-08-19 16:42:44,550	---		Running P-521...
2025-08-19 16:42:47,789	---	
2025-08-19 16:42:47,790	---	Files generated by simulations:
2025-08-19 16:42:47,792	---		results/2025-08-19_16-41-17_ecdsa_mldsa_levels-3-5/simulator/blocksim-model-2-4x.csv
2025-08-19 16:42:47,792	---		results/2025-08-19_16-41-17_ecdsa_mldsa_levels-3-5/simulator/blocksim-model-2-mean-std.csv
2025-08-19 16:42:47,792	---	
2025-08-19 16:42:47,793	---	Generating simulator plots:
2025-08-19 16:42:47,793	---	
2025-08-19 16:42:48,142	---		results/2025-08-19_16-41-17_ecdsa_mldsa_levels-3-5/graph/level-3.pdf
2025-08-19 16:42:48,356	---		results/2025-08-19_16-41-17_ecdsa_mldsa_levels-3-5/graph/level-3.png
2025-08-19 16:42:48,604	---		results/2025-08-19_16-41-17_ecdsa_mldsa_levels-3-5/graph/level-5.pdf
2025-08-19 16:42:48,838	---		results/2025-08-19_16-41-17_ecdsa_mldsa_levels-3-5/graph/level-5.png
