2025-08-19 16:37:11,798	---	Command:
	main.py --sign ecdsa mldsa --levels 3 5 --runs 2 --warm-up 3 --runs-simulator 4

2025-08-19 16:37:11,798	---	Settings:
2025-08-19 16:37:11,799	---		input_file     : None
2025-08-19 16:37:11,799	---		levels         : [3, 5]
2025-08-19 16:37:11,799	---		list_sign      : False
2025-08-19 16:37:11,799	---		model          : [2]
2025-08-19 16:37:11,799	---		runs           : 2
2025-08-19 16:37:11,800	---		runs_simulator : 4
2025-08-19 16:37:11,800	---		sign           : ['ecdsa', 'mldsa']
2025-08-19 16:37:11,800	---		verbosity      : 20
2025-08-19 16:37:11,800	---		warm_up        : 3
2025-08-19 16:37:11,800	---	
2025-08-19 16:37:11,800	---	[34m
2025-08-19 16:37:11,800	---	+-----------------+
2025-08-19 16:37:11,801	---	  BENCHMARK       
2025-08-19 16:37:11,801	---	+-----------------+
2025-08-19 16:37:11,802	---	
2025-08-19 16:37:11,803	---		Algorithm: ecdsa
2025-08-19 16:37:11,803	---			Running algorithm:ecdsa	level:3	variant:P-384  (using cryptography.py)...
2025-08-19 16:37:11,925	---			Running algorithm:ecdsa	level:5	variant:P-521  (using cryptography.py)...
2025-08-19 16:37:11,954	---	
2025-08-19 16:37:11,955	---		Algorithm: mldsa
2025-08-19 16:37:11,955	---			Running algorithm:mldsa	level:3	variant:ML-DSA-65  (using liboqs.py)...
2025-08-19 16:37:11,988	---			Running algorithm:mldsa	level:5	variant:ML-DSA-87  (using liboqs.py)...
2025-08-19 16:37:12,019	---	
2025-08-19 16:37:12,020	---	Files generated by benchmarking:
2025-08-19 16:37:12,046	---			results/2025-08-19_16-37-12_ecdsa_mldsa_levels-3-5/algorithm-runs/time-evaluation-2x.csv
2025-08-19 16:37:12,048	---			results/2025-08-19_16-37-12_ecdsa_mldsa_levels-3-5/algorithm-runs/time-evaluation-mean-std.csv
2025-08-19 16:37:12,393	---	
2025-08-19 16:37:12,394	---	Metadata exported to:
2025-08-19 16:37:12,394	---			results/2025-08-19_16-37-12_ecdsa_mldsa_levels-3-5/input-and-system-info.json
2025-08-19 16:37:12,395	---	
2025-08-19 16:37:12,395	---	Generating benchmark plots:
2025-08-19 16:37:12,395	---	
2025-08-19 16:37:14,461	---		results/2025-08-19_16-37-12_ecdsa_mldsa_levels-3-5/algorithm-runs/graph/level-3.pdf
2025-08-19 16:37:14,830	---		results/2025-08-19_16-37-12_ecdsa_mldsa_levels-3-5/algorithm-runs/graph/level-3.png
2025-08-19 16:37:15,417	---		results/2025-08-19_16-37-12_ecdsa_mldsa_levels-3-5/algorithm-runs/graph/level-5.pdf
2025-08-19 16:37:15,763	---		results/2025-08-19_16-37-12_ecdsa_mldsa_levels-3-5/algorithm-runs/graph/level-5.png
2025-08-19 16:37:15,764	---	
2025-08-19 16:37:15,764	---	[32m
2025-08-19 16:37:15,764	---	+-----------------+
2025-08-19 16:37:15,764	---	  SIMULATION      
2025-08-19 16:37:15,765	---	+-----------------+
2025-08-19 16:37:15,765	---	
2025-08-19 16:37:15,765	---	BlockSim run model 2 (Ethereum)...

2025-08-19 16:37:15,775	---		Running ML-DSA-65...
