2025-08-19 16:37:00,902	---	Command:
	main.py --sign ecdsa mldsa --levels 3 5 --runs 2 --warm-up 3 --runs-simulator 4

2025-08-19 16:37:00,902	---	Settings:
2025-08-19 16:37:00,902	---		input_file     : None
2025-08-19 16:37:00,903	---		levels         : [3, 5]
2025-08-19 16:37:00,903	---		list_sign      : False
2025-08-19 16:37:00,903	---		model          : [2]
2025-08-19 16:37:00,903	---		runs           : 2
2025-08-19 16:37:00,904	---		runs_simulator : 4
2025-08-19 16:37:00,904	---		sign           : ['ecdsa', 'mldsa']
2025-08-19 16:37:00,904	---		verbosity      : 20
2025-08-19 16:37:00,904	---		warm_up        : 3
2025-08-19 16:37:00,904	---	
2025-08-19 16:37:00,904	---	[34m
2025-08-19 16:37:00,904	---	+-----------------+
2025-08-19 16:37:00,904	---	  BENCHMARK       
2025-08-19 16:37:00,905	---	+-----------------+
2025-08-19 16:37:00,905	---	
2025-08-19 16:37:00,905	---		Algorithm: ecdsa
2025-08-19 16:37:00,905	---			Running algorithm:ecdsa	level:3	variant:P-384  (using cryptography.py)...
2025-08-19 16:37:00,941	---			Running algorithm:ecdsa	level:5	variant:P-521  (using cryptography.py)...
2025-08-19 16:37:00,979	---	
2025-08-19 16:37:00,979	---		Algorithm: mldsa
2025-08-19 16:37:00,979	---			Running algorithm:mldsa	level:3	variant:ML-DSA-65  (using liboqs.py)...
2025-08-19 16:37:01,007	---			Running algorithm:mldsa	level:5	variant:ML-DSA-87  (using liboqs.py)...
2025-08-19 16:37:01,033	---	
2025-08-19 16:37:01,033	---	Files generated by benchmarking:
2025-08-19 16:37:01,064	---			results/2025-08-19_16-37-01_ecdsa_mldsa_levels-3-5/algorithm-runs/time-evaluation-2x.csv
2025-08-19 16:37:01,065	---			results/2025-08-19_16-37-01_ecdsa_mldsa_levels-3-5/algorithm-runs/time-evaluation-mean-std.csv
2025-08-19 16:37:01,238	---	
2025-08-19 16:37:01,239	---	Metadata exported to:
