2025-08-19 16:31:26,418	---	Command:
	main.py --sign ecdsa mldsa --levels 3 5 --runs 2 --warm-up 3 --runs-simulator 4

2025-08-19 16:31:26,418	---	Settings:
2025-08-19 16:31:26,419	---		input_file     : None
2025-08-19 16:31:26,419	---		levels         : [3, 5]
2025-08-19 16:31:26,419	---		list_sign      : False
2025-08-19 16:31:26,419	---		model          : [2]
2025-08-19 16:31:26,419	---		runs           : 2
2025-08-19 16:31:26,419	---		runs_simulator : 4
2025-08-19 16:31:26,419	---		sign           : ['ecdsa', 'mldsa']
2025-08-19 16:31:26,419	---		verbosity      : 20
2025-08-19 16:31:26,419	---		warm_up        : 3
2025-08-19 16:31:26,419	---	
2025-08-19 16:31:26,419	---	[34m
2025-08-19 16:31:26,419	---	+-----------------+
2025-08-19 16:31:26,419	---	  BENCHMARK       
2025-08-19 16:31:26,419	---	+-----------------+
2025-08-19 16:31:26,419	---	
2025-08-19 16:31:26,419	---		Algorithm: ecdsa
2025-08-19 16:31:26,419	---			Running algorithm:ecdsa	level:3	variant:P-384  (using cryptography.py)...
2025-08-19 16:31:26,447	---			Running algorithm:ecdsa	level:5	variant:P-521  (using cryptography.py)...
2025-08-19 16:31:26,457	---	
2025-08-19 16:31:26,457	---		Algorithm: mldsa
2025-08-19 16:31:26,457	---			Running algorithm:mldsa	level:3	variant:ML-DSA-65  (using liboqs.py)...
2025-08-19 16:31:26,476	---			Running algorithm:mldsa	level:5	variant:ML-DSA-87  (using liboqs.py)...
2025-08-19 16:31:26,487	---	
Files generated by benchmarking:
2025-08-19 16:31:26,497	---			results/2025-08-19_16-31-26_ecdsa_mldsa_levels-3-5/algorithm-runs/time-evaluation-2x.csv
2025-08-19 16:31:26,497	---			results/2025-08-19_16-31-26_ecdsa_mldsa_levels-3-5/algorithm-runs/time-evaluation-mean-std.csv
2025-08-19 16:31:26,615	---	
2025-08-19 16:31:26,616	---	Generating benchmark plots:
2025-08-19 16:31:26,616	---	
2025-08-19 16:31:28,163	---	
2025-08-19 16:31:28,163	---	[32m
2025-08-19 16:31:28,163	---	+-----------------+
2025-08-19 16:31:28,163	---	  SIMULATION      
2025-08-19 16:31:28,163	---	+-----------------+
2025-08-19 16:31:28,163	---	
2025-08-19 16:31:28,163	---	BlockSim run model 2 (Ethereum)...

2025-08-19 16:31:28,169	---		Running ML-DSA-65...
