2025-08-19 16:37:35,382	---	Command:
	main.py --sign ecdsa mldsa --levels 3 5 --runs 2 --warm-up 3 --runs-simulator 4

2025-08-19 16:37:35,382	---	Settings:
2025-08-19 16:37:35,383	---		input_file     : None
2025-08-19 16:37:35,383	---		levels         : [3, 5]
2025-08-19 16:37:35,383	---		list_sign      : False
2025-08-19 16:37:35,383	---		model          : [2]
2025-08-19 16:37:35,384	---		runs           : 2
2025-08-19 16:37:35,384	---		runs_simulator : 4
2025-08-19 16:37:35,385	---		sign           : ['ecdsa', 'mldsa']
2025-08-19 16:37:35,387	---		verbosity      : 20
2025-08-19 16:37:35,387	---		warm_up        : 3
2025-08-19 16:37:35,387	---	
2025-08-19 16:37:35,387	---	[34m
2025-08-19 16:37:35,391	---	+-----------------+
2025-08-19 16:37:35,392	---	  BENCHMARK       
2025-08-19 16:37:35,392	---	+-----------------+
2025-08-19 16:37:35,393	---	
2025-08-19 16:37:35,393	---		Algorithm: ecdsa
2025-08-19 16:37:35,393	---			Running algorithm:ecdsa	level:3	variant:P-384  (using cryptography.py)...
2025-08-19 16:37:35,515	---			Running algorithm:ecdsa	level:5	variant:P-521  (using cryptography.py)...
2025-08-19 16:37:35,568	---	
2025-08-19 16:37:35,569	---		Algorithm: mldsa
2025-08-19 16:37:35,569	---			Running algorithm:mldsa	level:3	variant:ML-DSA-65  (using liboqs.py)...
2025-08-19 16:37:35,605	---			Running algorithm:mldsa	level:5	variant:ML-DSA-87  (using liboqs.py)...
2025-08-19 16:37:35,664	---	
2025-08-19 16:37:35,665	---	Files generated by benchmarking:
2025-08-19 16:37:35,697	---			results/2025-08-19_16-37-35_ecdsa_mldsa_levels-3-5/algorithm-runs/time-evaluation-2x.csv
2025-08-19 16:37:35,698	---			results/2025-08-19_16-37-35_ecdsa_mldsa_levels-3-5/algorithm-runs/time-evaluation-mean-std.csv
2025-08-19 16:37:36,220	---	
2025-08-19 16:37:36,221	---	Metadata exported to:
2025-08-19 16:37:36,221	---			results/2025-08-19_16-37-35_ecdsa_mldsa_levels-3-5/input-and-system-info.json
2025-08-19 16:37:36,222	---	
2025-08-19 16:37:36,222	---	Generating benchmark plots:
2025-08-19 16:37:39,288	---		results/2025-08-19_16-37-35_ecdsa_mldsa_levels-3-5/algorithm-runs/graph/level-3.pdf
2025-08-19 16:37:39,715	---		results/2025-08-19_16-37-35_ecdsa_mldsa_levels-3-5/algorithm-runs/graph/level-3.png
2025-08-19 16:37:40,519	---		results/2025-08-19_16-37-35_ecdsa_mldsa_levels-3-5/algorithm-runs/graph/level-5.pdf
2025-08-19 16:37:40,943	---		results/2025-08-19_16-37-35_ecdsa_mldsa_levels-3-5/algorithm-runs/graph/level-5.png
2025-08-19 16:37:40,945	---	
2025-08-19 16:37:40,946	---	[32m
2025-08-19 16:37:40,946	---	+-----------------+
2025-08-19 16:37:40,946	---	  SIMULATION      
2025-08-19 16:37:40,946	---	+-----------------+
2025-08-19 16:37:40,951	---	
2025-08-19 16:37:40,951	---	BlockSim run model 2 (Ethereum)...

2025-08-19 16:37:40,982	---		Running ML-DSA-65...
2025-08-19 16:39:24,717	---		Running ML-DSA-87...
2025-08-19 16:39:27,700	---		Running P-384...
2025-08-19 16:39:31,123	---		Running P-521...
2025-08-19 16:39:33,490	---	
2025-08-19 16:39:33,490	---	Files generated by simulations
2025-08-19 16:39:33,493	---	results/2025-08-19_16-37-35_ecdsa_mldsa_levels-3-5/simulator/blocksim-model-2-4x.csv
2025-08-19 16:39:33,494	---	results/2025-08-19_16-37-35_ecdsa_mldsa_levels-3-5/simulator/blocksim-model-2-mean-std.csv
2025-08-19 16:39:33,494	---	
2025-08-19 16:39:33,494	---	Generating simulator plots:
2025-08-19 16:39:33,494	---	
2025-08-19 16:39:33,743	---		results/2025-08-19_16-37-35_ecdsa_mldsa_levels-3-5/graph/level-3.pdf
2025-08-19 16:39:33,916	---		results/2025-08-19_16-37-35_ecdsa_mldsa_levels-3-5/graph/level-3.png
2025-08-19 16:39:34,115	---		results/2025-08-19_16-37-35_ecdsa_mldsa_levels-3-5/graph/level-5.pdf
2025-08-19 16:39:34,295	---		results/2025-08-19_16-37-35_ecdsa_mldsa_levels-3-5/graph/level-5.png
