2025-08-19 15:58:09,616	---	Command:
	main.py --sign ecdsa mldsa --levels 3 5 --runs 2 --warm-up 3 --runs-simulator 4

2025-08-19 15:58:09,617	---	Settings:
2025-08-19 15:58:09,617	---		input_file     : None
2025-08-19 15:58:09,617	---		levels         : [3, 5]
2025-08-19 15:58:09,617	---		list_sign      : False
2025-08-19 15:58:09,617	---		model          : [2]
2025-08-19 15:58:09,617	---		runs           : 2
2025-08-19 15:58:09,617	---		runs_simulator : 4
2025-08-19 15:58:09,617	---		sign           : ['ecdsa', 'mldsa']
2025-08-19 15:58:09,617	---		verbosity      : 20
2025-08-19 15:58:09,617	---		warm_up        : 3
2025-08-19 15:58:09,617	---	
2025-08-19 15:58:09,617	---	[34m
2025-08-19 15:58:09,617	---	
Benchmark run...

2025-08-19 15:58:09,617	---	
2025-08-19 15:58:09,617	---		Algorithm: ecdsa
2025-08-19 15:58:09,617	---			Running algorithm:ecdsa	level:3	variant:P-384  (using cryptography.py)...
2025-08-19 15:58:09,647	---			Running algorithm:ecdsa	level:5	variant:P-521  (using cryptography.py)...
2025-08-19 15:58:09,660	---	
2025-08-19 15:58:09,664	---		Algorithm: mldsa
2025-08-19 15:58:09,665	---			Running algorithm:mldsa	level:3	variant:ML-DSA-65  (using liboqs.py)...
2025-08-19 15:58:09,666	---			Error: liboqs/ML-DSA-65: module 'oqs' has no attribute 'Signature'
