2025-08-19 16:25:11,318	---	Command:
	main.py --sign ecdsa mldsa --levels 3 5 --runs 2 --warm-up 3 --runs-simulator 4

2025-08-19 16:25:11,318	---	Settings:
2025-08-19 16:25:11,318	---		input_file     : None
2025-08-19 16:25:11,318	---		levels         : [3, 5]
2025-08-19 16:25:11,318	---		list_sign      : False
2025-08-19 16:25:11,318	---		model          : [2]
2025-08-19 16:25:11,319	---		runs           : 2
2025-08-19 16:25:11,319	---		runs_simulator : 4
2025-08-19 16:25:11,319	---		sign           : ['ecdsa', 'mldsa']
2025-08-19 16:25:11,319	---		verbosity      : 20
2025-08-19 16:25:11,319	---		warm_up        : 3
2025-08-19 16:25:11,319	---	
2025-08-19 16:25:11,319	---	[34m
2025-08-19 16:25:11,319	---	
Benchmark run...

2025-08-19 16:25:11,319	---	
2025-08-19 16:25:11,319	---		Algorithm: ecdsa
2025-08-19 16:25:11,319	---			Running algorithm:ecdsa	level:3	variant:P-384  (using cryptography.py)...
2025-08-19 16:25:11,354	---			Running algorithm:ecdsa	level:5	variant:P-521  (using cryptography.py)...
2025-08-19 16:25:11,377	---	
2025-08-19 16:25:11,377	---		Algorithm: mldsa
2025-08-19 16:25:11,377	---			Running algorithm:mldsa	level:3	variant:ML-DSA-65  (using liboqs.py)...
2025-08-19 16:25:11,402	---			Running algorithm:mldsa	level:5	variant:ML-DSA-87  (using liboqs.py)...
2025-08-19 16:25:11,427	---	
Files generated by benchmarking:
2025-08-19 16:25:11,441	---			results/2025-08-19_16-25-11_ecdsa_mldsa_levels-3-5/algorithm-runs/time-evaluation-2x.csv
2025-08-19 16:25:11,441	---			results/2025-08-19_16-25-11_ecdsa_mldsa_levels-3-5/algorithm-runs/time-evaluation-mean-std.csv
2025-08-19 16:25:13,601	---	[32m
2025-08-19 16:25:13,601	---	
2025-08-19 16:25:13,601	---	BlockSim run model 2 (Ethereum)...

2025-08-19 16:25:13,603	---		Running ML-DSA-65...
2025-08-19 16:27:00,865	---		Running ML-DSA-87...
2025-08-19 16:27:04,221	---		Running P-384...
2025-08-19 16:27:07,565	---		Running P-521...
2025-08-19 16:27:12,102	---	
Files generated by simulations in BlockSim:
2025-08-19 16:27:12,109	---	results/2025-08-19_16-25-11_ecdsa_mldsa_levels-3-5/simulator/blocksim-model-2-4x.csv
2025-08-19 16:27:12,109	---	results/2025-08-19_16-25-11_ecdsa_mldsa_levels-3-5/simulator/blocksim-model-2-mean-std.csv
