2025-08-19 16:35:33,953	---	Command:
	main.py --sign ecdsa mldsa --levels 3 5 --runs 2 --warm-up 3 --runs-simulator 4

2025-08-19 16:35:33,953	---	Settings:
2025-08-19 16:35:33,953	---		input_file     : None
2025-08-19 16:35:33,953	---		levels         : [3, 5]
2025-08-19 16:35:33,953	---		list_sign      : False
2025-08-19 16:35:33,953	---		model          : [2]
2025-08-19 16:35:33,953	---		runs           : 2
2025-08-19 16:35:33,953	---		runs_simulator : 4
2025-08-19 16:35:33,953	---		sign           : ['ecdsa', 'mldsa']
2025-08-19 16:35:33,953	---		verbosity      : 20
2025-08-19 16:35:33,954	---		warm_up        : 3
2025-08-19 16:35:33,954	---	
2025-08-19 16:35:33,954	---	[34m
2025-08-19 16:35:33,954	---	+-----------------+
2025-08-19 16:35:33,954	---	  BENCHMARK       
2025-08-19 16:35:33,954	---	+-----------------+
2025-08-19 16:35:33,954	---	
2025-08-19 16:35:33,954	---		Algorithm: ecdsa
2025-08-19 16:35:33,954	---			Running algorithm:ecdsa	level:3	variant:P-384  (using cryptography.py)...
2025-08-19 16:35:34,037	---			Running algorithm:ecdsa	level:5	variant:P-521  (using cryptography.py)...
2025-08-19 16:35:34,096	---	
2025-08-19 16:35:34,097	---		Algorithm: mldsa
2025-08-19 16:35:34,097	---			Running algorithm:mldsa	level:3	variant:ML-DSA-65  (using liboqs.py)...
2025-08-19 16:35:34,118	---			Running algorithm:mldsa	level:5	variant:ML-DSA-87  (using liboqs.py)...
2025-08-19 16:35:34,192	---	
2025-08-19 16:35:34,193	---	Files generated by benchmarking:
2025-08-19 16:35:34,242	---			results/2025-08-19_16-35-34_ecdsa_mldsa_levels-3-5/algorithm-runs/time-evaluation-2x.csv
2025-08-19 16:35:34,244	---			results/2025-08-19_16-35-34_ecdsa_mldsa_levels-3-5/algorithm-runs/time-evaluation-mean-std.csv
2025-08-19 16:35:34,469	---	Metadata exported to results/2025-08-19_16-35-34_ecdsa_mldsa_levels-3-5/input-and-system-info.json
2025-08-19 16:35:34,470	---	
2025-08-19 16:35:34,470	---	Generating benchmark plots:
2025-08-19 16:35:34,470	---	
2025-08-19 16:35:36,391	---		results/2025-08-19_16-35-34_ecdsa_mldsa_levels-3-5/algorithm-runs/graph/level-3.pdf
2025-08-19 16:35:36,874	---		results/2025-08-19_16-35-34_ecdsa_mldsa_levels-3-5/algorithm-runs/graph/level-3.png
2025-08-19 16:35:37,526	---		results/2025-08-19_16-35-34_ecdsa_mldsa_levels-3-5/algorithm-runs/graph/level-5.pdf
2025-08-19 16:35:37,815	---		results/2025-08-19_16-35-34_ecdsa_mldsa_levels-3-5/algorithm-runs/graph/level-5.png
2025-08-19 16:35:37,817	---	
2025-08-19 16:35:37,817	---	[32m
2025-08-19 16:35:37,817	---	+-----------------+
2025-08-19 16:35:37,818	---	  SIMULATION      
2025-08-19 16:35:37,818	---	+-----------------+
2025-08-19 16:35:37,818	---	
2025-08-19 16:35:37,818	---	BlockSim run model 2 (Ethereum)...

2025-08-19 16:35:37,832	---		Running ML-DSA-65...
