2025-08-19 16:41:10,528	---	Command:
	main.py --sign ecdsa mldsa --levels 3 5 --runs 2 --warm-up 3 --runs-simulator 4

2025-08-19 16:41:10,528	---	Settings:
2025-08-19 16:41:10,528	---		input_file     : None
2025-08-19 16:41:10,528	---		levels         : [3, 5]
2025-08-19 16:41:10,528	---		list_sign      : False
2025-08-19 16:41:10,528	---		model          : [2]
2025-08-19 16:41:10,528	---		runs           : 2
2025-08-19 16:41:10,528	---		runs_simulator : 4
2025-08-19 16:41:10,529	---		sign           : ['ecdsa', 'mldsa']
2025-08-19 16:41:10,529	---		verbosity      : 20
2025-08-19 16:41:10,529	---		warm_up        : 3
2025-08-19 16:41:10,529	---	
2025-08-19 16:41:10,529	---	[34m
2025-08-19 16:41:10,529	---	+-----------------+
2025-08-19 16:41:10,529	---	  BENCHMARK       
2025-08-19 16:41:10,529	---	+-----------------+
2025-08-19 16:41:10,529	---	
2025-08-19 16:41:10,529	---		Algorithm: ecdsa
2025-08-19 16:41:10,529	---			Running algorithm:ecdsa	level:3	variant:P-384  (using cryptography.py)...
2025-08-19 16:41:10,556	---			Running algorithm:ecdsa	level:5	variant:P-521  (using cryptography.py)...
2025-08-19 16:41:10,573	---	
2025-08-19 16:41:10,573	---		Algorithm: mldsa
2025-08-19 16:41:10,573	---			Running algorithm:mldsa	level:3	variant:ML-DSA-65  (using liboqs.py)...
2025-08-19 16:41:10,586	---			Running algorithm:mldsa	level:5	variant:ML-DSA-87  (using liboqs.py)...
2025-08-19 16:41:10,602	---	
2025-08-19 16:41:10,603	---	Files generated by benchmarking:
2025-08-19 16:41:10,635	---			results/2025-08-19_16-41-10_ecdsa_mldsa_levels-3-5/algorithm-runs/time-evaluation-2x.csv
2025-08-19 16:41:10,636	---			results/2025-08-19_16-41-10_ecdsa_mldsa_levels-3-5/algorithm-runs/time-evaluation-mean-std.csv
2025-08-19 16:41:10,796	---	
2025-08-19 16:41:10,796	---	Metadata exported to:
2025-08-19 16:41:10,796	---			results/2025-08-19_16-41-10_ecdsa_mldsa_levels-3-5/input-and-system-info.json
2025-08-19 16:41:10,797	---	
2025-08-19 16:41:10,797	---	Generating benchmark plots:
2025-08-19 16:41:12,573	---		results/2025-08-19_16-41-10_ecdsa_mldsa_levels-3-5/algorithm-runs/graph/level-3.pdf
