2025-08-19 16:27:54,188	---	Command:
	main.py --sign ecdsa mldsa --levels 3 5 --runs 2 --warm-up 3 --runs-simulator 4

2025-08-19 16:27:54,188	---	Settings:
2025-08-19 16:27:54,188	---		input_file     : None
2025-08-19 16:27:54,188	---		levels         : [3, 5]
2025-08-19 16:27:54,188	---		list_sign      : False
2025-08-19 16:27:54,188	---		model          : [2]
2025-08-19 16:27:54,188	---		runs           : 2
2025-08-19 16:27:54,188	---		runs_simulator : 4
2025-08-19 16:27:54,188	---		sign           : ['ecdsa', 'mldsa']
2025-08-19 16:27:54,188	---		verbosity      : 20
2025-08-19 16:27:54,189	---		warm_up        : 3
2025-08-19 16:27:54,189	---	
2025-08-19 16:27:54,189	---	[34m
2025-08-19 16:27:54,189	---	+-----------------+
2025-08-19 16:27:54,189	---	  BENCHMARK       
2025-08-19 16:27:54,189	---	+-----------------+
2025-08-19 16:27:54,189	---	
2025-08-19 16:27:54,189	---		Algorithm: ecdsa
2025-08-19 16:27:54,189	---			Running algorithm:ecdsa	level:3	variant:P-384  (using cryptography.py)...
2025-08-19 16:27:54,226	---			Running algorithm:ecdsa	level:5	variant:P-521  (using cryptography.py)...
2025-08-19 16:27:54,259	---	
2025-08-19 16:27:54,260	---		Algorithm: mldsa
2025-08-19 16:27:54,260	---			Running algorithm:mldsa	level:3	variant:ML-DSA-65  (using liboqs.py)...
2025-08-19 16:27:54,281	---			Running algorithm:mldsa	level:5	variant:ML-DSA-87  (using liboqs.py)...
2025-08-19 16:27:54,316	---	
Files generated by benchmarking:
2025-08-19 16:27:54,334	---			results/2025-08-19_16-27-54_ecdsa_mldsa_levels-3-5/algorithm-runs/time-evaluation-2x.csv
2025-08-19 16:27:54,335	---			results/2025-08-19_16-27-54_ecdsa_mldsa_levels-3-5/algorithm-runs/time-evaluation-mean-std.csv
2025-08-19 16:27:56,766	---	[32m
2025-08-19 16:27:56,766	---	+-----------------+
2025-08-19 16:27:56,766	---	  SIMULATION      
2025-08-19 16:27:56,766	---	+-----------------+
2025-08-19 16:27:56,766	---	
2025-08-19 16:27:56,766	---	BlockSim run model 2 (Ethereum)...

2025-08-19 16:27:56,769	---		Running ML-DSA-65...
2025-08-19 16:30:04,577	---		Running ML-DSA-87...
2025-08-19 16:30:08,652	---		Running P-384...
2025-08-19 16:30:12,575	---		Running P-521...
2025-08-19 16:30:16,730	---	
Files generated by simulations in BlockSim:
2025-08-19 16:30:16,733	---	results/2025-08-19_16-27-54_ecdsa_mldsa_levels-3-5/simulator/blocksim-model-2-4x.csv
2025-08-19 16:30:16,733	---	results/2025-08-19_16-27-54_ecdsa_mldsa_levels-3-5/simulator/blocksim-model-2-mean-std.csv
