2025-08-19 16:18:43,764	---	Command:
	main.py --sign ecdsa mldsa --levels 3 5 --runs 2 --warm-up 3 --runs-simulator 4

2025-08-19 16:18:43,765	---	Settings:
2025-08-19 16:18:43,765	---		input_file     : None
2025-08-19 16:18:43,765	---		levels         : [3, 5]
2025-08-19 16:18:43,765	---		list_sign      : False
2025-08-19 16:18:43,765	---		model          : [2]
2025-08-19 16:18:43,765	---		runs           : 2
2025-08-19 16:18:43,765	---		runs_simulator : 4
2025-08-19 16:18:43,765	---		sign           : ['ecdsa', 'mldsa']
2025-08-19 16:18:43,765	---		verbosity      : 20
2025-08-19 16:18:43,765	---		warm_up        : 3
2025-08-19 16:18:43,765	---	
2025-08-19 16:18:43,765	---	[34m
2025-08-19 16:18:43,765	---	
Benchmark run...

2025-08-19 16:18:43,766	---	
2025-08-19 16:18:43,766	---		Algorithm: ecdsa
2025-08-19 16:18:43,766	---			Running algorithm:ecdsa	level:3	variant:P-384  (using cryptography.py)...
2025-08-19 16:18:43,792	---			Running algorithm:ecdsa	level:5	variant:P-521  (using cryptography.py)...
2025-08-19 16:18:43,814	---	
2025-08-19 16:18:43,814	---		Algorithm: mldsa
2025-08-19 16:18:43,814	---			Running algorithm:mldsa	level:3	variant:ML-DSA-65  (using liboqs.py)...
2025-08-19 16:18:43,831	---			Running algorithm:mldsa	level:5	variant:ML-DSA-87  (using liboqs.py)...
2025-08-19 16:18:46,428	---	[32m
2025-08-19 16:18:46,429	---	
BlockSim run model 2...

2025-08-19 16:22:30,378	---	
Files generated by simulations in BlockSim:
2025-08-19 16:22:30,386	---	results/2025-08-19_16-18-43_ecdsa_mldsa_levels-3-5/simulator/blocksim-model-2-4x.csv
2025-08-19 16:22:30,386	---	results/2025-08-19_16-18-43_ecdsa_mldsa_levels-3-5/simulator/blocksim-model-2-mean-std.csv
