2025-08-19 16:34:22,974	---	Command:
	main.py --sign ecdsa mldsa --levels 3 5 --runs 2 --warm-up 3 --runs-simulator 4

2025-08-19 16:34:22,978	---	Settings:
2025-08-19 16:34:22,978	---		input_file     : None
2025-08-19 16:34:22,978	---		levels         : [3, 5]
2025-08-19 16:34:22,978	---		list_sign      : False
2025-08-19 16:34:22,978	---		model          : [2]
2025-08-19 16:34:22,978	---		runs           : 2
2025-08-19 16:34:22,978	---		runs_simulator : 4
2025-08-19 16:34:22,978	---		sign           : ['ecdsa', 'mldsa']
2025-08-19 16:34:22,978	---		verbosity      : 20
2025-08-19 16:34:22,978	---		warm_up        : 3
2025-08-19 16:34:22,979	---	
2025-08-19 16:34:22,980	---	[34m
2025-08-19 16:34:22,980	---	+-----------------+
2025-08-19 16:34:22,980	---	  BENCHMARK       
2025-08-19 16:34:22,980	---	+-----------------+
2025-08-19 16:34:22,980	---	
2025-08-19 16:34:22,981	---		Algorithm: ecdsa
2025-08-19 16:34:22,981	---			Running algorithm:ecdsa	level:3	variant:P-384  (using cryptography.py)...
2025-08-19 16:34:23,017	---			Running algorithm:ecdsa	level:5	variant:P-521  (using cryptography.py)...
2025-08-19 16:34:23,034	---	
2025-08-19 16:34:23,034	---		Algorithm: mldsa
2025-08-19 16:34:23,034	---			Running algorithm:mldsa	level:3	variant:ML-DSA-65  (using liboqs.py)...
2025-08-19 16:34:23,043	---			Running algorithm:mldsa	level:5	variant:ML-DSA-87  (using liboqs.py)...
2025-08-19 16:34:23,063	---	
Files generated by benchmarking:
2025-08-19 16:34:23,077	---			results/2025-08-19_16-34-23_ecdsa_mldsa_levels-3-5/algorithm-runs/time-evaluation-2x.csv
2025-08-19 16:34:23,077	---			results/2025-08-19_16-34-23_ecdsa_mldsa_levels-3-5/algorithm-runs/time-evaluation-mean-std.csv
2025-08-19 16:34:23,208	---		Metadata exported to results/2025-08-19_16-34-23_ecdsa_mldsa_levels-3-5/input-and-system-info.json
2025-08-19 16:34:23,208	---	
2025-08-19 16:34:23,208	---	Generating benchmark plots:
2025-08-19 16:34:23,208	---	
2025-08-19 16:34:24,249	---		results/2025-08-19_16-34-23_ecdsa_mldsa_levels-3-5/algorithm-runs/graph/level-3.pdf
2025-08-19 16:34:24,524	---		results/2025-08-19_16-34-23_ecdsa_mldsa_levels-3-5/algorithm-runs/graph/level-3.png
2025-08-19 16:34:24,884	---		results/2025-08-19_16-34-23_ecdsa_mldsa_levels-3-5/algorithm-runs/graph/level-5.pdf
2025-08-19 16:34:25,121	---		results/2025-08-19_16-34-23_ecdsa_mldsa_levels-3-5/algorithm-runs/graph/level-5.png
2025-08-19 16:34:25,122	---	
2025-08-19 16:34:25,122	---	[32m
2025-08-19 16:34:25,122	---	+-----------------+
2025-08-19 16:34:25,122	---	  SIMULATION      
2025-08-19 16:34:25,122	---	+-----------------+
2025-08-19 16:34:25,122	---	
2025-08-19 16:34:25,122	---	BlockSim run model 2 (Ethereum)...

2025-08-19 16:34:25,124	---		Running ML-DSA-65...
